=== Azure Container Apps Deployment Script ===
Resource Group: price-deals-rg
Location: Switzerland North
Container App: price-deals-app

Checking Azure login status...
Already logged in to Azure

Creating resource group...
{
  "id": "/subscriptions/39318995-d595-4a66-b397-565e85b49b4d/resourceGroups/price-deals-rg",
  "location": "switzerlandnorth",
  "managedBy": null,
  "name": "price-deals-rg",
  "properties": {
    "provisioningState": "Succeeded"
  },
  "tags": null,
  "type": "Microsoft.Resources/resourceGroups"
}

Creating Azure Container Registry...
{
  "adminUserEnabled": true,
  "anonymousPullEnabled": false,
  "autoGeneratedDomainNameLabelScope": "Unsecure",
  "creationDate": "2025-11-16T01:52:00.264351+00:00",
  "dataEndpointEnabled": false,
  "dataEndpointHostNames": [],
  "encryption": {
    "keyVaultProperties": null,
    "status": "disabled"
  },
  "id": "/subscriptions/39318995-d595-4a66-b397-565e85b49b4d/resourceGroups/price-deals-rg/providers/Microsoft.ContainerRegistry/registries/pricedealsacr",
  "identity": null,
  "location": "switzerlandnorth",
  "loginServer": "pricedealsacr.azurecr.io",
  "metadataSearch": "Disabled",
  "name": "pricedealsacr",
  "networkRuleBypassOptions": "AzureServices",
  "networkRuleSet": null,
  "policies": {
    "azureAdAuthenticationAsArmPolicy": {
      "status": "enabled"
    },
    "exportPolicy": {
      "status": "enabled"
    },
    "quarantinePolicy": {
      "status": "disabled"
    },
    "retentionPolicy": {
      "days": 7,
      "lastUpdatedTime": "2025-11-16T02:14:03.856364+00:00",
      "status": "disabled"
    },
    "softDeletePolicy": {
      "lastUpdatedTime": "2025-11-16T02:14:03.856434+00:00",
      "retentionDays": 7,
      "status": "disabled"
    },
    "trustPolicy": {
      "status": "disabled",
      "type": "Notary"
    }
  },
  "privateEndpointConnections": [],
  "provisioningState": "Succeeded",
  "publicNetworkAccess": "Enabled",
  "resourceGroup": "price-deals-rg",
  "roleAssignmentMode": "LegacyRegistryPermissions",
  "sku": {
    "name": "Basic",
    "tier": "Basic"
  },
  "status": null,
  "systemData": {
    "createdAt": "2025-11-16T01:52:00.264351+00:00",
    "createdBy": "reginald.kyalo@gmail.com",
    "createdByType": "User",
    "lastModifiedAt": "2025-11-16T02:14:03.064233+00:00",
    "lastModifiedBy": "reginald.kyalo@gmail.com",
    "lastModifiedByType": "User"
  },
  "tags": {},
  "type": "Microsoft.ContainerRegistry/registries",
  "zoneRedundancy": "Disabled"
}

Getting ACR credentials...
